<?xml version="1.0" encoding="UTF-8"?>
<!-- Generated by org.testng.reporters.JUnitReportReporter -->
<testsuite hostname="Admin-PC" name="org.maven.project.WebTable" tests="1" failures="0" timestamp="13 Oct 2019 14:14:23 GMT" time="87.771" errors="0">
  <testcase name="getData" time="87.771" classname="org.maven.project.WebTable"/>
</testsuite> <!-- org.maven.project.WebTable -->
