<?xml version="1.0" encoding="UTF-8"?>
<!-- Generated by org.testng.reporters.JUnitReportReporter -->
<testsuite hostname="Admin-PC" name="org.maven.project.Net" tests="1" failures="0" timestamp="10 Sep 2019 04:02:21 GMT" time="0.015" errors="0">
  <testcase name="set" time="0.015" classname="org.maven.project.Net"/>
</testsuite> <!-- org.maven.project.Net -->
