<?xml version="1.0" encoding="UTF-8"?>
<!-- Generated by org.testng.reporters.JUnitReportReporter -->
<testsuite hostname="Admin-PC" name="org.maven.project.ChromeOptions1" tests="1" failures="0" timestamp="11 Oct 2019 13:57:38 GMT" time="29.751" errors="0">
  <testcase name="callBrowser" time="29.751" classname="org.maven.project.ChromeOptions1"/>
</testsuite> <!-- org.maven.project.ChromeOptions1 -->
