<?xml version="1.0" encoding="UTF-8"?>
<!-- Generated by org.testng.reporters.JUnitReportReporter -->
<testsuite hostname="Admin-PC" name="testcases.TC001_Gruru99Login" tests="1" failures="0" timestamp="8 Oct 2019 15:24:27 GMT" time="16.694" errors="0">
  <testcase name="verifyLogin" time="16.694" classname="testcases.TC001_Gruru99Login"/>
</testsuite> <!-- testcases.TC001_Gruru99Login -->
