<?xml version="1.0" encoding="UTF-8"?>
<!-- Generated by org.testng.reporters.JUnitReportReporter -->
<testsuite hostname="Admin-PC" name="org.maven.project.Net" tests="1" failures="0" timestamp="11 Oct 2019 13:54:40 GMT" time="37.468" errors="0">
  <testcase name="set" time="37.468" classname="org.maven.project.Net"/>
</testsuite> <!-- org.maven.project.Net -->
