<?xml version="1.0" encoding="UTF-8"?>
<!-- Generated by org.testng.reporters.JUnitReportReporter -->
<testsuite hostname="Admin-PC" name="testcases.A" tests="1" failures="0" timestamp="12 Oct 2019 19:04:50 GMT" time="0.046" errors="0">
  <testcase name="m1" time="0.046" classname="testcases.A"/>
</testsuite> <!-- testcases.A -->
