<?xml version="1.0" encoding="UTF-8"?>
<!-- Generated by org.testng.reporters.JUnitReportReporter -->
<testsuite hostname="Admin-PC" name="org.maven.project.Fib2" tests="1" failures="0" timestamp="14 Oct 2019 14:24:26 GMT" time="0.016" errors="0">
  <testcase name="fib" time="0.016" classname="org.maven.project.Fib2"/>
</testsuite> <!-- org.maven.project.Fib2 -->
