<?xml version="1.0" encoding="UTF-8"?>
<!-- Generated by org.testng.reporters.JUnitReportReporter -->
<testsuite hostname="Admin-PC" name="org.maven.project.Google" tests="1" failures="0" timestamp="22 Sep 2019 09:32:17 GMT" time="9.927" errors="0">
  <testcase name="callBrowser" time="9.927" classname="org.maven.project.Google"/>
</testsuite> <!-- org.maven.project.Google -->
