<?xml version="1.0" encoding="UTF-8"?>
<!-- Generated by org.testng.reporters.JUnitReportReporter -->
<testsuite hostname="Admin-PC" name="testcases.TestTry" tests="1" failures="0" timestamp="2 Oct 2019 05:16:38 GMT" time="0.050" errors="0">
  <testcase name="print" time="0.050" classname="testcases.TestTry"/>
</testsuite> <!-- testcases.TestTry -->
