<?xml version="1.0" encoding="UTF-8"?>
<!-- Generated by org.testng.reporters.JUnitReportReporter -->
<testsuite hostname="Admin-PC" name="org.maven.project.Prime2" tests="1" failures="0" timestamp="14 Oct 2019 15:32:17 GMT" time="0.019" errors="0">
  <testcase name="main1" time="0.019" classname="org.maven.project.Prime2"/>
</testsuite> <!-- org.maven.project.Prime2 -->
