<?xml version="1.0" encoding="UTF-8"?>
<!-- Generated by org.testng.reporters.JUnitReportReporter -->
<testsuite hostname="Admin-PC" name="org.maven.project.Google" tests="1" failures="0" timestamp="11 Oct 2019 13:57:38 GMT" time="22.442" errors="0">
  <testcase name="callBrowser" time="22.442" classname="org.maven.project.Google"/>
</testsuite> <!-- org.maven.project.Google -->
