<?xml version="1.0" encoding="UTF-8"?>
<!-- Generated by org.testng.reporters.JUnitReportReporter -->
<testsuite hostname="Admin-PC" name="org.maven.project.Gmail" tests="1" failures="0" timestamp="29 Sep 2019 04:15:32 GMT" time="77.052" errors="0">
  <testcase name="callBrowser1" time="77.052" classname="org.maven.project.Gmail"/>
</testsuite> <!-- org.maven.project.Gmail -->
